<?xml version="1.0" encoding="UTF-8"?>
<testng-results skipped="0" failed="0" total="1" passed="1">
  <reporter-output>
  </reporter-output>
  <suite name="Suite" duration-ms="56629" started-at="2018-04-23T11:47:50Z" finished-at="2018-04-23T11:48:47Z">
    <groups>
    </groups>
    <test name="Test" duration-ms="56629" started-at="2018-04-23T11:47:50Z" finished-at="2018-04-23T11:48:47Z">
      <class name="githubsud.github">
        <test-method status="PASS" signature="git()[pri:0, instance:githubsud.github@56cbfb61]" name="git" duration-ms="56610" started-at="2018-04-23T17:17:50Z" finished-at="2018-04-23T17:18:47Z">
          <reporter-output>
          </reporter-output>
        </test-method> <!-- git -->
      </class> <!-- githubsud.github -->
    </test> <!-- Test -->
  </suite> <!-- Suite -->
</testng-results>
